#
# A fatal error has been detected by the Java Runtime Environment:
#
#  EXCEPTION_ACCESS_VIOLATION (0xc0000005) at pc=0x0000019d000411ac, pid=1376, tid=3532
#
# JRE version: Java(TM) SE Runtime Environment (18.0+36) (build 18+36-2087)
# Java VM: Java HotSpot(TM) 64-Bit Server VM (18+36-2087, mixed mode, sharing, tiered, compressed oops, compressed class ptrs, g1 gc, windows-amd64)
# Problematic frame:
# v  ~BufferBlob::MethodHandles adapters
#
# No core dump will be written. Minidumps are not enabled by default on client versions of Windows
#
# If you would like to submit a bug report, please visit:
#   https://bugreport.java.com/bugreport/crash.jsp
#

---------------  S U M M A R Y ------------

Command Line: -XX:+ShowCodeDetailsInExceptionMessages -agentlib:jdwp=transport=dt_socket,suspend=y,address=localhost:50170 -ea -javaagent:C:\Users\pedro\eclipse\java-2022-09\eclipse\configuration\org.eclipse.osgi\228\0\.cp\lib\javaagent-shaded.jar -Dfile.encoding=UTF-8 org.eclipse.jdt.internal.junit.runner.RemoteTestRunner -version 3 -port 50169 -testLoaderClass org.eclipse.jdt.internal.junit5.runner.JUnit5TestLoader -loaderpluginname org.eclipse.jdt.junit5.runtime -classNames calculadora.CalculadoraTest

Host: 11th Gen Intel(R) Core(TM) i5-1135G7 @ 2.40GHz, 8 cores, 7G,  Windows 10 , 64 bit Build 19041 (10.0.19041.1889)
Time: Tue Oct 11 19:49:43 2022 Hora oficial do Brasil elapsed time: 1149.386565 seconds (0d 0h 19m 9s)

---------------  T H R E A D  ---------------

Current thread (0x0000019d6bcf3af0):  JavaThread "main" [_thread_in_Java, id=3532, stack(0x00000013ab700000,0x00000013ab800000)]

Stack: [0x00000013ab700000,0x00000013ab800000],  sp=0x00000013ab7fd038,  free space=1012k
Native frames: (J=compiled Java code, j=interpreted, Vv=VM code, C=native code)
C  0x0000019d000411ac


siginfo: EXCEPTION_ACCESS_VIOLATION (0xc0000005), reading address 0xffffffffffffffff


Register to memory mapping:

RIP=0x0000019d000411ac is at begin+68 in a stub
MethodHandle::interpreter_entry::_linkToSpecial [0x0000019d00041168, 0x0000019d000411b7] (79 bytes)
RAX=0x0000019d00009efa is at code_begin+3482 in an Interpreter codelet
return entry points  [0x0000019d00009160, 0x0000019d0000b380]  8736 bytes
RBX=0x8b35ef7800000000 is an unknown value
RCX=0x00000013ab7fd040 is pointing into the stack for thread: 0x0000019d6bcf3af0
RDX=0x0000000000000002 is an unknown value
RSP=0x00000013ab7fd038 is pointing into the stack for thread: 0x0000019d6bcf3af0
RBP=0x00000013ab7fd088 is pointing into the stack for thread: 0x0000019d6bcf3af0
RSI=0x0000019d7fc94a78 points into unknown readable memory: 0x88000674ddfafa6e | 6e fa fa dd 74 06 00 88
RDI=0x0000019d7f98e3f0 points into unknown readable memory: 0x0000001800000070 | 70 00 00 00 18 00 00 00
R8 =0x0000000000000002 is an unknown value
R9 =0x0000000000000002 is an unknown value
R10=0x0000000800000000 is pointing into metadata
R11={method} {0x00000008000c8c38} 'newInvokeSpecial' '(Ljava/lang/Object;)Ljava/lang/Object;' in 'java/lang/invoke/DirectMethodHandle$Holder'
R12=0x0 is NULL
R13=0x00000013ab7fd038 is pointing into the stack for thread: 0x0000019d6bcf3af0
R14=0x00000013ab7fd0a8 is pointing into the stack for thread: 0x0000019d6bcf3af0
R15=0x0000019d6bcf3af0 is a thread


Registers:
RAX=0x0000019d00009efa, RBX=0x8b35ef7800000000, RCX=0x00000013ab7fd040, RDX=0x0000000000000002
RSP=0x00000013ab7fd038, RBP=0x00000013ab7fd088, RSI=0x0000019d7fc94a78, RDI=0x0000019d7f98e3f0
R8 =0x0000000000000002, R9 =0x0000000000000002, R10=0x0000000800000000, R11=0x00000008000c8c30
R12=0x0000000000000000, R13=0x00000013ab7fd038, R14=0x00000013ab7fd0a8, R15=0x0000019d6bcf3af0
RIP=0x0000019d000411ac, EFLAGS=0x0000000000010202

Top of Stack: (sp=0x00000013ab7fd038)
0x00000013ab7fd038:   0000019d00009efa 00000013ab7fd040
0x00000013ab7fd048:   00000008006debdf 00000013ab7fd0a8
0x00000013ab7fd058:   00000008000c49e8 0000019d7b3d4b78
0x00000013ab7fd068:   000000008a824b10 00000008000c8c30
0x00000013ab7fd078:   00000013ab7fd038 00000013ab7fd0b0
0x00000013ab7fd088:   00000013ab7fd190 0000019d0081cea6
0x00000013ab7fd098:   000000008b35ee80 000000008b35ef28
0x00000013ab7fd0a8:   000000008b35eee0 000000008b35eee0
0x00000013ab7fd0b8:   000000008b35ef10 00000013ab7fd0c0
0x00000013ab7fd0c8:   00000008007e7606 000000008b35ef10
0x00000013ab7fd0d8:   0000000000000000 00000013ab7fd0e0
0x00000013ab7fd0e8:   0000000800624ac0 000000008b35eee0
0x00000013ab7fd0f8:   000000008a810ba0 0000000000000000
0x00000013ab7fd108:   000000008a886198 0000019d0081cc8c
0x00000013ab7fd118:   0000000000000000 00000013ab7fd190
0x00000013ab7fd128:   0000019d0000a42c 0000019d0000a42c 

Instructions: (pc=0x0000019d000411ac)
0x0000019d000410ac:   8b 59 14 8b 5b 28 8b 5b 24 48 8b 5b 10 48 85 db
0x0000019d000410bc:   0f 84 10 00 00 00 41 80 bf 80 04 00 00 00 74 03
0x0000019d000410cc:   ff 63 38 ff 63 50 e9 29 16 00 00 66 0f 1f 84 00
0x0000019d000410dc:   00 00 00 00 48 8b 53 08 0f b7 52 2c 48 8b 0c d4
0x0000019d000410ec:   58 5b 50 44 8b 51 08 49 bb 00 00 00 00 08 00 00
0x0000019d000410fc:   00 4d 03 d3 4c 8b 5b 10 4b 8b 9c da b8 01 00 00
0x0000019d0004110c:   48 85 db 0f 84 10 00 00 00 41 80 bf 80 04 00 00
0x0000019d0004111c:   00 74 03 ff 63 38 ff 63 50 e9 d6 15 00 00 66 66
0x0000019d0004112c:   66 0f 1f 84 00 00 00 00 00 66 66 66 90 0f 1f 80
0x0000019d0004113c:   00 00 00 00 58 5b 50 8b 5b 24 48 8b 5b 10 48 85
0x0000019d0004114c:   db 0f 84 10 00 00 00 41 80 bf 80 04 00 00 00 74
0x0000019d0004115c:   03 ff 63 38 ff 63 50 e9 98 15 00 00 66 66 66 0f
0x0000019d0004116c:   1f 84 00 00 00 00 00 66 66 66 90 66 0f 1f 84 00
0x0000019d0004117c:   00 00 00 00 48 8b 53 08 0f b7 52 2c 48 8b 0c d4
0x0000019d0004118c:   58 5b 50 48 3b 01 8b 5b 24 48 8b 5b 10 48 85 db
0x0000019d0004119c:   0f 84 10 00 00 00 41 80 bf 80 04 00 00 00 74 03
0x0000019d000411ac:   ff 63 38 ff 63 50 e9 49 15 00 00 66 0f 1f 84 00
0x0000019d000411bc:   00 00 00 00 48 8b 53 08 0f b7 52 2c 48 8b 0c d4
0x0000019d000411cc:   58 5b 50 44 8b 51 08 49 bb 00 00 00 00 08 00 00
0x0000019d000411dc:   00 4d 03 d3 8b 43 18 48 8b 40 10 48 8b 5b 10 45
0x0000019d000411ec:   8b 9a a0 00 00 00 4f 8d 9c da b8 01 00 00 4d 8d
0x0000019d000411fc:   14 da 49 8b 1b 48 3b c3 74 15 48 85 db 0f 84 32
0x0000019d0004120c:   00 00 00 49 83 c3 10 49 8b 1b 48 3b c3 75 eb 45
0x0000019d0004121c:   8b 5b 08 4b 8b 1c 1a 48 85 db 0f 84 10 00 00 00
0x0000019d0004122c:   41 80 bf 80 04 00 00 00 74 03 ff 63 38 ff 63 50
0x0000019d0004123c:   e9 bf 14 00 00 e9 ba 11 00 00 f4 00 00 00 00 00
0x0000019d0004124c:   00 00 00 00 00 00 00 00 00 00 00 00 00 00 00 00
0x0000019d0004125c:   00 00 00 00 00 00 00 00 00 00 00 00 00 00 00 00
0x0000019d0004126c:   00 00 00 00 00 00 00 00 00 00 00 00 00 00 00 00
0x0000019d0004127c:   00 00 00 00 00 00 00 00 00 00 00 00 00 00 00 00
0x0000019d0004128c:   00 00 00 00 00 00 00 00 00 00 00 00 00 00 00 00
0x0000019d0004129c:   00 00 00 00 00 00 00 00 00 00 00 00 00 00 00 00 


Stack slot to memory mapping:
stack at sp + 0 slots: 0x0000019d00009efa is at code_begin+3482 in an Interpreter codelet
return entry points  [0x0000019d00009160, 0x0000019d0000b380]  8736 bytes
stack at sp + 1 slots: 0x00000013ab7fd040 is pointing into the stack for thread: 0x0000019d6bcf3af0
stack at sp + 2 slots: 0x00000008006debdf is pointing into metadata
stack at sp + 3 slots: 0x00000013ab7fd0a8 is pointing into the stack for thread: 0x0000019d6bcf3af0
stack at sp + 4 slots: 0x00000008000c49e8 is pointing into metadata
stack at sp + 5 slots: 0x0000019d7b3d4b78 is pointing into metadata
stack at sp + 6 slots: 0x000000008a824b10 is an oop: java.lang.Class 
{0x000000008a824b10} - klass: 'java/lang/Class'
 - ---- fields (total size 14 words):
 - private volatile transient 'classRedefinedCount' 'I' @12  0
 - abstract internal 'klass' 'J' @16  34360542728 (c4608 8)
 - abstract internal 'array_klass' 'J' @24  0 (0 0)
 - abstract internal 'oop_size' 'I' @32  14 (e)
 - abstract internal 'static_oop_field_count' 'I' @36  0
 - private volatile transient 'cachedConstructor' 'Ljava/lang/reflect/Constructor;' @40  NULL (0)
 - private transient 'name' 'Ljava/lang/String;' @44  NULL (0)
 - private transient 'module' 'Ljava/lang/Module;' @48  a 'java/lang/Module'{0x000000008a810e00} (8a810e00)
 - private final 'classLoader' 'Ljava/lang/ClassLoader;' @52  NULL (0)
 - private transient 'classData' 'Ljava/lang/Object;' @56  NULL (0)
 - private transient 'packageName' 'Ljava/lang/String;' @60  NULL (0)
 - private final 'componentType' 'Ljava/lang/Class;' @64  NULL (0)
 - private volatile transient 'reflectionData' 'Ljava/lang/ref/SoftReference;' @68  NULL (0)
 - private volatile transient 'genericInfo' 'Lsun/reflect/generics/repository/ClassRepository;' @72  NULL (0)
 - private volatile transient 'enumConstants' '[Ljava/lang/Object;' @76  NULL (0)
 - private volatile transient 'enumConstantDirectory' 'Ljava/util/Map;' @80  NULL (0)
 - private volatile transient 'annotationData' 'Ljava/lang/Class$AnnotationData;' @84  NULL (0)
 - private volatile transient 'annotationType' 'Lsun/reflect/annotation/AnnotationType;' @88  NULL (0)
 - transient 'classValueMap' 'Ljava/lang/ClassValue$ClassValueMap;' @92  NULL (0)
 - abstract internal 'protection_domain' 'Ljava/lang/Object;' @96  NULL (0)
 - abstract internal 'signers_name' 'Ljava/lang/Object;' @100  NULL (0)
 - abstract internal 'source_file' 'Ljava/lang/Object;' @104  NULL (0)
 - signature: Ljava/lang/invoke/DirectMethodHandle$Holder;
 - ---- static fields (0):
stack at sp + 7 slots: {method} {0x00000008000c8c38} 'newInvokeSpecial' '(Ljava/lang/Object;)Ljava/lang/Object;' in 'java/lang/invoke/DirectMethodHandle$Holder'

MethodHandle::interpreter_entry::_linkToSpecial [0x0000019d00041168, 0x0000019d000411b7] (79 bytes)
[MachCode]
  0x0000019d00041168: 6666 660f | 1f84 0000 | 0000 0066 | 6666 9066 | 0f1f 8400 | 0000 0000 | 488b 5308 | 0fb7 522c 
  0x0000019d00041188: 488b 0cd4 | 585b 5048 | 3b01 8b5b | 2448 8b5b | 1048 85db | 0f84 1000 | 0000 4180 | bf80 0400 
  0x0000019d000411a8: 0000 7403 | ff63 38ff | 6350 e949 | 
[/MachCode]

---------------  P R O C E S S  ---------------

Threads class SMR info:
_java_thread_list=0x0000019d7f9fc8f0, length=16, elements={
0x0000019d6bcf3af0, 0x0000019d7ac8efc0, 0x0000019d7ac92160, 0x0000019d7aca7950,
0x0000019d7acaa210, 0x0000019d7acab260, 0x0000019d7acadb20, 0x0000019d7acae700,
0x0000019d7acaeff0, 0x0000019d7acb0080, 0x0000019d7ac7c480, 0x0000019d7f1ce3a0,
0x0000019d7f180d20, 0x0000019d7f183370, 0x0000019d7f3fd5c0, 0x0000019d7f8a0d10
}

Java Threads: ( => current thread )
=>0x0000019d6bcf3af0 JavaThread "main" [_thread_in_Java, id=3532, stack(0x00000013ab700000,0x00000013ab800000)]
  0x0000019d7ac8efc0 JavaThread "Reference Handler" daemon [_thread_blocked, id=9916, stack(0x00000013abe00000,0x00000013abf00000)]
  0x0000019d7ac92160 JavaThread "Finalizer" daemon [_thread_blocked, id=9704, stack(0x00000013abf00000,0x00000013ac000000)]
  0x0000019d7aca7950 JavaThread "Signal Dispatcher" daemon [_thread_blocked, id=8552, stack(0x00000013ac000000,0x00000013ac100000)]
  0x0000019d7acaa210 JavaThread "Attach Listener" daemon [_thread_blocked, id=1316, stack(0x00000013ac100000,0x00000013ac200000)]
  0x0000019d7acab260 JavaThread "Service Thread" daemon [_thread_blocked, id=8588, stack(0x00000013ac200000,0x00000013ac300000)]
  0x0000019d7acadb20 JavaThread "Monitor Deflation Thread" daemon [_thread_blocked, id=10488, stack(0x00000013ac300000,0x00000013ac400000)]
  0x0000019d7acae700 JavaThread "C2 CompilerThread0" daemon [_thread_blocked, id=6732, stack(0x00000013ac400000,0x00000013ac500000)]
  0x0000019d7acaeff0 JavaThread "C1 CompilerThread0" daemon [_thread_blocked, id=9928, stack(0x00000013ac500000,0x00000013ac600000)]
  0x0000019d7acb0080 JavaThread "Sweeper thread" daemon [_thread_blocked, id=9872, stack(0x00000013ac600000,0x00000013ac700000)]
  0x0000019d7ac7c480 JavaThread "Common-Cleaner" daemon [_thread_blocked, id=9568, stack(0x00000013ac700000,0x00000013ac800000)]
  0x0000019d7f1ce3a0 JavaThread "JDWP Transport Listener: dt_socket" daemon [_thread_blocked, id=10744, stack(0x00000013ac800000,0x00000013ac900000)]
  0x0000019d7f180d20 JavaThread "JDWP Event Helper Thread" daemon [_thread_blocked, id=4880, stack(0x00000013ac900000,0x00000013aca00000)]
  0x0000019d7f183370 JavaThread "JDWP Command Reader" daemon [_thread_in_native, id=4272, stack(0x00000013aca00000,0x00000013acb00000)]
  0x0000019d7f3fd5c0 JavaThread "Notification Thread" daemon [_thread_blocked, id=8804, stack(0x00000013acb00000,0x00000013acc00000)]
  0x0000019d7f8a0d10 JavaThread "ReaderThread" [_thread_in_native, id=5340, stack(0x00000013acd00000,0x00000013ace00000)]

Other Threads:
  0x0000019d6bd725b0 VMThread "VM Thread" [stack: 0x00000013abd00000,0x00000013abe00000] [id=4208]
  0x0000019d7f7d9f80 WatcherThread "VM Periodic Task Thread" [stack: 0x00000013acc00000,0x00000013acd00000] [id=4436]
  0x0000019d6bd533f0 WorkerThread "GC Thread#0" [stack: 0x00000013ab800000,0x00000013ab900000] [id=10180]
  0x0000019d7f97ad50 WorkerThread "GC Thread#1" [stack: 0x00000013acf00000,0x00000013ad000000] [id=9612]
  0x0000019d7f97aab0 WorkerThread "GC Thread#2" [stack: 0x00000013ad000000,0x00000013ad100000] [id=4616]
  0x0000019d7f97aff0 WorkerThread "GC Thread#3" [stack: 0x00000013ad100000,0x00000013ad200000] [id=1128]
  0x0000019d7f97b290 WorkerThread "GC Thread#4" [stack: 0x00000013ad200000,0x00000013ad300000] [id=6752]
  0x0000019d7f97a030 WorkerThread "GC Thread#5" [stack: 0x00000013ad300000,0x00000013ad400000] [id=8500]
  0x0000019d7f97a570 WorkerThread "GC Thread#6" [stack: 0x00000013ad400000,0x00000013ad500000] [id=7056]
  0x0000019d7f979d90 WorkerThread "GC Thread#7" [stack: 0x00000013ad500000,0x00000013ad600000] [id=11764]
  0x0000019d6bd639c0 ConcurrentGCThread "G1 Main Marker" [stack: 0x00000013ab900000,0x00000013aba00000] [id=10472]
  0x0000019d6bd652d0 WorkerThread "G1 Conc#0" [stack: 0x00000013aba00000,0x00000013abb00000] [id=6896]
  0x0000019d6bdb6d80 ConcurrentGCThread "G1 Refine#0" [stack: 0x00000013abb00000,0x00000013abc00000] [id=10956]
  0x0000019d6bdb75a0 ConcurrentGCThread "G1 Service" [stack: 0x00000013abc00000,0x00000013abd00000] [id=5844]

Threads with active compile tasks:

VM state: not at safepoint (normal execution)

VM Mutex/Monitor currently owned by a thread: None

Heap address: 0x0000000084400000, size: 1980 MB, Compressed Oops mode: 32-bit

CDS archive(s) mapped at: [0x0000000800000000-0x0000000800ba0000-0x0000000800ba0000), size 12189696, SharedBaseAddress: 0x0000000800000000, ArchiveRelocationMode: 0.
Compressed class space mapped at: 0x0000000800c00000-0x0000000840c00000, reserved size: 1073741824
Narrow klass base: 0x0000000800000000, Narrow klass shift: 0, Narrow klass range: 0x100000000

GC Precious Log:
 CardTable entry size: 512
 Card Set container configuration: InlinePtr #cards 5 size 8 Array Of Cards #cards 12 size 40 Howl #buckets 4 coarsen threshold 1843 Howl Bitmap #cards 512 size 80 coarsen threshold 460 Card regions per heap region 1 cards per card region 2048
 CPUs: 8 total, 8 available
 Memory: 7915M
 Large Page Support: Disabled
 NUMA Support: Disabled
 Compressed Oops: Enabled (32-bit)
 Heap Region Size: 1M
 Heap Min Capacity: 8M
 Heap Initial Capacity: 124M
 Heap Max Capacity: 1980M
 Pre-touch: Disabled
 Parallel Workers: 8
 Concurrent Workers: 2
 Concurrent Refinement Workers: 8
 Periodic GC: Disabled

Heap:
 garbage-first heap   total 126976K, used 15232K [0x0000000084400000, 0x0000000100000000)
  region size 1024K, 16 young (16384K), 3 survivors (3072K)
 Metaspace       used 7055K, committed 7296K, reserved 1114112K
  class space    used 798K, committed 896K, reserved 1048576K

Heap Regions: E=young(eden), S=young(survivor), O=old, HS=humongous(starts), HC=humongous(continues), CS=collection set, F=free, OA=open archive, CA=closed archive, TAMS=top-at-mark-start (previous, next)
|   0|0x0000000084400000, 0x0000000084400000, 0x0000000084500000|  0%| F|  |TAMS 0x0000000084400000, 0x0000000084400000| Untracked 
|   1|0x0000000084500000, 0x0000000084500000, 0x0000000084600000|  0%| F|  |TAMS 0x0000000084500000, 0x0000000084500000| Untracked 
|   2|0x0000000084600000, 0x0000000084600000, 0x0000000084700000|  0%| F|  |TAMS 0x0000000084600000, 0x0000000084600000| Untracked 
|   3|0x0000000084700000, 0x0000000084700000, 0x0000000084800000|  0%| F|  |TAMS 0x0000000084700000, 0x0000000084700000| Untracked 
|   4|0x0000000084800000, 0x0000000084800000, 0x0000000084900000|  0%| F|  |TAMS 0x0000000084800000, 0x0000000084800000| Untracked 
|   5|0x0000000084900000, 0x0000000084900000, 0x0000000084a00000|  0%| F|  |TAMS 0x0000000084900000, 0x0000000084900000| Untracked 
|   6|0x0000000084a00000, 0x0000000084a00000, 0x0000000084b00000|  0%| F|  |TAMS 0x0000000084a00000, 0x0000000084a00000| Untracked 
|   7|0x0000000084b00000, 0x0000000084b00000, 0x0000000084c00000|  0%| F|  |TAMS 0x0000000084b00000, 0x0000000084b00000| Untracked 
|   8|0x0000000084c00000, 0x0000000084c00000, 0x0000000084d00000|  0%| F|  |TAMS 0x0000000084c00000, 0x0000000084c00000| Untracked 
|   9|0x0000000084d00000, 0x0000000084d00000, 0x0000000084e00000|  0%| F|  |TAMS 0x0000000084d00000, 0x0000000084d00000| Untracked 
|  10|0x0000000084e00000, 0x0000000084e00000, 0x0000000084f00000|  0%| F|  |TAMS 0x0000000084e00000, 0x0000000084e00000| Untracked 
|  11|0x0000000084f00000, 0x0000000084f00000, 0x0000000085000000|  0%| F|  |TAMS 0x0000000084f00000, 0x0000000084f00000| Untracked 
|  12|0x0000000085000000, 0x0000000085000000, 0x0000000085100000|  0%| F|  |TAMS 0x0000000085000000, 0x0000000085000000| Untracked 
|  13|0x0000000085100000, 0x0000000085100000, 0x0000000085200000|  0%| F|  |TAMS 0x0000000085100000, 0x0000000085100000| Untracked 
|  14|0x0000000085200000, 0x0000000085200000, 0x0000000085300000|  0%| F|  |TAMS 0x0000000085200000, 0x0000000085200000| Untracked 
|  15|0x0000000085300000, 0x0000000085300000, 0x0000000085400000|  0%| F|  |TAMS 0x0000000085300000, 0x0000000085300000| Untracked 
|  16|0x0000000085400000, 0x0000000085400000, 0x0000000085500000|  0%| F|  |TAMS 0x0000000085400000, 0x0000000085400000| Untracked 
|  17|0x0000000085500000, 0x0000000085500000, 0x0000000085600000|  0%| F|  |TAMS 0x0000000085500000, 0x0000000085500000| Untracked 
|  18|0x0000000085600000, 0x0000000085600000, 0x0000000085700000|  0%| F|  |TAMS 0x0000000085600000, 0x0000000085600000| Untracked 
|  19|0x0000000085700000, 0x0000000085700000, 0x0000000085800000|  0%| F|  |TAMS 0x0000000085700000, 0x0000000085700000| Untracked 
|  20|0x0000000085800000, 0x0000000085800000, 0x0000000085900000|  0%| F|  |TAMS 0x0000000085800000, 0x0000000085800000| Untracked 
|  21|0x0000000085900000, 0x0000000085900000, 0x0000000085a00000|  0%| F|  |TAMS 0x0000000085900000, 0x0000000085900000| Untracked 
|  22|0x0000000085a00000, 0x0000000085a00000, 0x0000000085b00000|  0%| F|  |TAMS 0x0000000085a00000, 0x0000000085a00000| Untracked 
|  23|0x0000000085b00000, 0x0000000085b00000, 0x0000000085c00000|  0%| F|  |TAMS 0x0000000085b00000, 0x0000000085b00000| Untracked 
|  24|0x0000000085c00000, 0x0000000085c00000, 0x0000000085d00000|  0%| F|  |TAMS 0x0000000085c00000, 0x0000000085c00000| Untracked 
|  25|0x0000000085d00000, 0x0000000085d00000, 0x0000000085e00000|  0%| F|  |TAMS 0x0000000085d00000, 0x0000000085d00000| Untracked 
|  26|0x0000000085e00000, 0x0000000085e00000, 0x0000000085f00000|  0%| F|  |TAMS 0x0000000085e00000, 0x0000000085e00000| Untracked 
|  27|0x0000000085f00000, 0x0000000085f00000, 0x0000000086000000|  0%| F|  |TAMS 0x0000000085f00000, 0x0000000085f00000| Untracked 
|  28|0x0000000086000000, 0x0000000086000000, 0x0000000086100000|  0%| F|  |TAMS 0x0000000086000000, 0x0000000086000000| Untracked 
|  29|0x0000000086100000, 0x0000000086100000, 0x0000000086200000|  0%| F|  |TAMS 0x0000000086100000, 0x0000000086100000| Untracked 
|  30|0x0000000086200000, 0x0000000086200000, 0x0000000086300000|  0%| F|  |TAMS 0x0000000086200000, 0x0000000086200000| Untracked 
|  31|0x0000000086300000, 0x0000000086300000, 0x0000000086400000|  0%| F|  |TAMS 0x0000000086300000, 0x0000000086300000| Untracked 
|  32|0x0000000086400000, 0x0000000086400000, 0x0000000086500000|  0%| F|  |TAMS 0x0000000086400000, 0x0000000086400000| Untracked 
|  33|0x0000000086500000, 0x0000000086500000, 0x0000000086600000|  0%| F|  |TAMS 0x0000000086500000, 0x0000000086500000| Untracked 
|  34|0x0000000086600000, 0x0000000086600000, 0x0000000086700000|  0%| F|  |TAMS 0x0000000086600000, 0x0000000086600000| Untracked 
|  35|0x0000000086700000, 0x0000000086700000, 0x0000000086800000|  0%| F|  |TAMS 0x0000000086700000, 0x0000000086700000| Untracked 
|  36|0x0000000086800000, 0x0000000086800000, 0x0000000086900000|  0%| F|  |TAMS 0x0000000086800000, 0x0000000086800000| Untracked 
|  37|0x0000000086900000, 0x0000000086900000, 0x0000000086a00000|  0%| F|  |TAMS 0x0000000086900000, 0x0000000086900000| Untracked 
|  38|0x0000000086a00000, 0x0000000086a00000, 0x0000000086b00000|  0%| F|  |TAMS 0x0000000086a00000, 0x0000000086a00000| Untracked 
|  39|0x0000000086b00000, 0x0000000086b00000, 0x0000000086c00000|  0%| F|  |TAMS 0x0000000086b00000, 0x0000000086b00000| Untracked 
|  40|0x0000000086c00000, 0x0000000086c00000, 0x0000000086d00000|  0%| F|  |TAMS 0x0000000086c00000, 0x0000000086c00000| Untracked 
|  41|0x0000000086d00000, 0x0000000086d00000, 0x0000000086e00000|  0%| F|  |TAMS 0x0000000086d00000, 0x0000000086d00000| Untracked 
|  42|0x0000000086e00000, 0x0000000086e00000, 0x0000000086f00000|  0%| F|  |TAMS 0x0000000086e00000, 0x0000000086e00000| Untracked 
|  43|0x0000000086f00000, 0x0000000086f00000, 0x0000000087000000|  0%| F|  |TAMS 0x0000000086f00000, 0x0000000086f00000| Untracked 
|  44|0x0000000087000000, 0x0000000087000000, 0x0000000087100000|  0%| F|  |TAMS 0x0000000087000000, 0x0000000087000000| Untracked 
|  45|0x0000000087100000, 0x0000000087100000, 0x0000000087200000|  0%| F|  |TAMS 0x0000000087100000, 0x0000000087100000| Untracked 
|  46|0x0000000087200000, 0x0000000087200000, 0x0000000087300000|  0%| F|  |TAMS 0x0000000087200000, 0x0000000087200000| Untracked 
|  47|0x0000000087300000, 0x0000000087300000, 0x0000000087400000|  0%| F|  |TAMS 0x0000000087300000, 0x0000000087300000| Untracked 
|  48|0x0000000087400000, 0x0000000087400000, 0x0000000087500000|  0%| F|  |TAMS 0x0000000087400000, 0x0000000087400000| Untracked 
|  49|0x0000000087500000, 0x0000000087500000, 0x0000000087600000|  0%| F|  |TAMS 0x0000000087500000, 0x0000000087500000| Untracked 
|  50|0x0000000087600000, 0x0000000087600000, 0x0000000087700000|  0%| F|  |TAMS 0x0000000087600000, 0x0000000087600000| Untracked 
|  51|0x0000000087700000, 0x0000000087700000, 0x0000000087800000|  0%| F|  |TAMS 0x0000000087700000, 0x0000000087700000| Untracked 
|  52|0x0000000087800000, 0x0000000087800000, 0x0000000087900000|  0%| F|  |TAMS 0x0000000087800000, 0x0000000087800000| Untracked 
|  53|0x0000000087900000, 0x0000000087900000, 0x0000000087a00000|  0%| F|  |TAMS 0x0000000087900000, 0x0000000087900000| Untracked 
|  54|0x0000000087a00000, 0x0000000087a00000, 0x0000000087b00000|  0%| F|  |TAMS 0x0000000087a00000, 0x0000000087a00000| Untracked 
|  55|0x0000000087b00000, 0x0000000087b00000, 0x0000000087c00000|  0%| F|  |TAMS 0x0000000087b00000, 0x0000000087b00000| Untracked 
|  56|0x0000000087c00000, 0x0000000087c00000, 0x0000000087d00000|  0%| F|  |TAMS 0x0000000087c00000, 0x0000000087c00000| Untracked 
|  57|0x0000000087d00000, 0x0000000087d00000, 0x0000000087e00000|  0%| F|  |TAMS 0x0000000087d00000, 0x0000000087d00000| Untracked 
|  58|0x0000000087e00000, 0x0000000087e00000, 0x0000000087f00000|  0%| F|  |TAMS 0x0000000087e00000, 0x0000000087e00000| Untracked 
|  59|0x0000000087f00000, 0x0000000087f00000, 0x0000000088000000|  0%| F|  |TAMS 0x0000000087f00000, 0x0000000087f00000| Untracked 
|  60|0x0000000088000000, 0x0000000088000000, 0x0000000088100000|  0%| F|  |TAMS 0x0000000088000000, 0x0000000088000000| Untracked 
|  61|0x0000000088100000, 0x0000000088100000, 0x0000000088200000|  0%| F|  |TAMS 0x0000000088100000, 0x0000000088100000| Untracked 
|  62|0x0000000088200000, 0x0000000088200000, 0x0000000088300000|  0%| F|  |TAMS 0x0000000088200000, 0x0000000088200000| Untracked 
|  63|0x0000000088300000, 0x0000000088300000, 0x0000000088400000|  0%| F|  |TAMS 0x0000000088300000, 0x0000000088300000| Untracked 
|  64|0x0000000088400000, 0x0000000088400000, 0x0000000088500000|  0%| F|  |TAMS 0x0000000088400000, 0x0000000088400000| Untracked 
|  65|0x0000000088500000, 0x0000000088500000, 0x0000000088600000|  0%| F|  |TAMS 0x0000000088500000, 0x0000000088500000| Untracked 
|  66|0x0000000088600000, 0x0000000088600000, 0x0000000088700000|  0%| F|  |TAMS 0x0000000088600000, 0x0000000088600000| Untracked 
|  67|0x0000000088700000, 0x0000000088700000, 0x0000000088800000|  0%| F|  |TAMS 0x0000000088700000, 0x0000000088700000| Untracked 
|  68|0x0000000088800000, 0x0000000088800000, 0x0000000088900000|  0%| F|  |TAMS 0x0000000088800000, 0x0000000088800000| Untracked 
|  69|0x0000000088900000, 0x0000000088900000, 0x0000000088a00000|  0%| F|  |TAMS 0x0000000088900000, 0x0000000088900000| Untracked 
|  70|0x0000000088a00000, 0x0000000088a00000, 0x0000000088b00000|  0%| F|  |TAMS 0x0000000088a00000, 0x0000000088a00000| Untracked 
|  71|0x0000000088b00000, 0x0000000088b00000, 0x0000000088c00000|  0%| F|  |TAMS 0x0000000088b00000, 0x0000000088b00000| Untracked 
|  72|0x0000000088c00000, 0x0000000088c00000, 0x0000000088d00000|  0%| F|  |TAMS 0x0000000088c00000, 0x0000000088c00000| Untracked 
|  73|0x0000000088d00000, 0x0000000088d00000, 0x0000000088e00000|  0%| F|  |TAMS 0x0000000088d00000, 0x0000000088d00000| Untracked 
|  74|0x0000000088e00000, 0x0000000088e00000, 0x0000000088f00000|  0%| F|  |TAMS 0x0000000088e00000, 0x0000000088e00000| Untracked 
|  75|0x0000000088f00000, 0x0000000088f00000, 0x0000000089000000|  0%| F|  |TAMS 0x0000000088f00000, 0x0000000088f00000| Untracked 
|  76|0x0000000089000000, 0x0000000089000000, 0x0000000089100000|  0%| F|  |TAMS 0x0000000089000000, 0x0000000089000000| Untracked 
|  77|0x0000000089100000, 0x0000000089100000, 0x0000000089200000|  0%| F|  |TAMS 0x0000000089100000, 0x0000000089100000| Untracked 
|  78|0x0000000089200000, 0x0000000089200000, 0x0000000089300000|  0%| F|  |TAMS 0x0000000089200000, 0x0000000089200000| Untracked 
|  79|0x0000000089300000, 0x0000000089300000, 0x0000000089400000|  0%| F|  |TAMS 0x0000000089300000, 0x0000000089300000| Untracked 
|  80|0x0000000089400000, 0x0000000089400000, 0x0000000089500000|  0%| F|  |TAMS 0x0000000089400000, 0x0000000089400000| Untracked 
|  81|0x0000000089500000, 0x0000000089500000, 0x0000000089600000|  0%| F|  |TAMS 0x0000000089500000, 0x0000000089500000| Untracked 
|  82|0x0000000089600000, 0x0000000089600000, 0x0000000089700000|  0%| F|  |TAMS 0x0000000089600000, 0x0000000089600000| Untracked 
|  83|0x0000000089700000, 0x0000000089700000, 0x0000000089800000|  0%| F|  |TAMS 0x0000000089700000, 0x0000000089700000| Untracked 
|  84|0x0000000089800000, 0x0000000089800000, 0x0000000089900000|  0%| F|  |TAMS 0x0000000089800000, 0x0000000089800000| Untracked 
|  85|0x0000000089900000, 0x0000000089900000, 0x0000000089a00000|  0%| F|  |TAMS 0x0000000089900000, 0x0000000089900000| Untracked 
|  86|0x0000000089a00000, 0x0000000089a00000, 0x0000000089b00000|  0%| F|  |TAMS 0x0000000089a00000, 0x0000000089a00000| Untracked 
|  87|0x0000000089b00000, 0x0000000089b00000, 0x0000000089c00000|  0%| F|  |TAMS 0x0000000089b00000, 0x0000000089b00000| Untracked 
|  88|0x0000000089c00000, 0x0000000089c00000, 0x0000000089d00000|  0%| F|  |TAMS 0x0000000089c00000, 0x0000000089c00000| Untracked 
|  89|0x0000000089d00000, 0x0000000089d00000, 0x0000000089e00000|  0%| F|  |TAMS 0x0000000089d00000, 0x0000000089d00000| Untracked 
|  90|0x0000000089e00000, 0x0000000089e00000, 0x0000000089f00000|  0%| F|  |TAMS 0x0000000089e00000, 0x0000000089e00000| Untracked 
|  91|0x0000000089f00000, 0x0000000089f00000, 0x000000008a000000|  0%| F|  |TAMS 0x0000000089f00000, 0x0000000089f00000| Untracked 
|  92|0x000000008a000000, 0x000000008a000000, 0x000000008a100000|  0%| F|  |TAMS 0x000000008a000000, 0x000000008a000000| Untracked 
|  93|0x000000008a100000, 0x000000008a100000, 0x000000008a200000|  0%| F|  |TAMS 0x000000008a100000, 0x000000008a100000| Untracked 
|  94|0x000000008a200000, 0x000000008a200000, 0x000000008a300000|  0%| F|  |TAMS 0x000000008a200000, 0x000000008a200000| Untracked 
|  95|0x000000008a300000, 0x000000008a300000, 0x000000008a400000|  0%| F|  |TAMS 0x000000008a300000, 0x000000008a300000| Untracked 
|  96|0x000000008a400000, 0x000000008a400000, 0x000000008a500000|  0%| F|  |TAMS 0x000000008a400000, 0x000000008a400000| Untracked 
|  97|0x000000008a500000, 0x000000008a500000, 0x000000008a600000|  0%| F|  |TAMS 0x000000008a500000, 0x000000008a500000| Untracked 
|  98|0x000000008a600000, 0x000000008a6e0000, 0x000000008a700000| 87%| S|CS|TAMS 0x000000008a600000, 0x000000008a600000| Complete 
|  99|0x000000008a700000, 0x000000008a800000, 0x000000008a800000|100%| S|CS|TAMS 0x000000008a700000, 0x000000008a700000| Complete 
| 100|0x000000008a800000, 0x000000008a900000, 0x000000008a900000|100%| S|CS|TAMS 0x000000008a800000, 0x000000008a800000| Complete 
| 101|0x000000008a900000, 0x000000008a900000, 0x000000008aa00000|  0%| F|  |TAMS 0x000000008a900000, 0x000000008a900000| Untracked 
| 102|0x000000008aa00000, 0x000000008aa00000, 0x000000008ab00000|  0%| F|  |TAMS 0x000000008aa00000, 0x000000008aa00000| Untracked 
| 103|0x000000008ab00000, 0x000000008ab00000, 0x000000008ac00000|  0%| F|  |TAMS 0x000000008ab00000, 0x000000008ab00000| Untracked 
| 104|0x000000008ac00000, 0x000000008ac00000, 0x000000008ad00000|  0%| F|  |TAMS 0x000000008ac00000, 0x000000008ac00000| Untracked 
| 105|0x000000008ad00000, 0x000000008ad00000, 0x000000008ae00000|  0%| F|  |TAMS 0x000000008ad00000, 0x000000008ad00000| Untracked 
| 106|0x000000008ae00000, 0x000000008ae00000, 0x000000008af00000|  0%| F|  |TAMS 0x000000008ae00000, 0x000000008ae00000| Untracked 
| 107|0x000000008af00000, 0x000000008af00000, 0x000000008b000000|  0%| F|  |TAMS 0x000000008af00000, 0x000000008af00000| Untracked 
| 108|0x000000008b000000, 0x000000008b000000, 0x000000008b100000|  0%| F|  |TAMS 0x000000008b000000, 0x000000008b000000| Untracked 
| 109|0x000000008b100000, 0x000000008b100000, 0x000000008b200000|  0%| F|  |TAMS 0x000000008b100000, 0x000000008b100000| Untracked 
| 110|0x000000008b200000, 0x000000008b200000, 0x000000008b300000|  0%| F|  |TAMS 0x000000008b200000, 0x000000008b200000| Untracked 
| 111|0x000000008b300000, 0x000000008b397cd8, 0x000000008b400000| 59%| E|  |TAMS 0x000000008b300000, 0x000000008b300000| Complete 
| 112|0x000000008b400000, 0x000000008b500000, 0x000000008b500000|100%| E|CS|TAMS 0x000000008b400000, 0x000000008b400000| Complete 
| 113|0x000000008b500000, 0x000000008b600000, 0x000000008b600000|100%| E|CS|TAMS 0x000000008b500000, 0x000000008b500000| Complete 
| 114|0x000000008b600000, 0x000000008b700000, 0x000000008b700000|100%| E|CS|TAMS 0x000000008b600000, 0x000000008b600000| Complete 
| 115|0x000000008b700000, 0x000000008b800000, 0x000000008b800000|100%| E|CS|TAMS 0x000000008b700000, 0x000000008b700000| Complete 
| 116|0x000000008b800000, 0x000000008b900000, 0x000000008b900000|100%| E|CS|TAMS 0x000000008b800000, 0x000000008b800000| Complete 
| 117|0x000000008b900000, 0x000000008ba00000, 0x000000008ba00000|100%| E|CS|TAMS 0x000000008b900000, 0x000000008b900000| Complete 
| 118|0x000000008ba00000, 0x000000008bb00000, 0x000000008bb00000|100%| E|CS|TAMS 0x000000008ba00000, 0x000000008ba00000| Complete 
| 119|0x000000008bb00000, 0x000000008bc00000, 0x000000008bc00000|100%| E|CS|TAMS 0x000000008bb00000, 0x000000008bb00000| Complete 
| 120|0x000000008bc00000, 0x000000008bd00000, 0x000000008bd00000|100%| E|CS|TAMS 0x000000008bc00000, 0x000000008bc00000| Complete 
| 121|0x000000008bd00000, 0x000000008be00000, 0x000000008be00000|100%| E|CS|TAMS 0x000000008bd00000, 0x000000008bd00000| Complete 
| 122|0x000000008be00000, 0x000000008bf00000, 0x000000008bf00000|100%| E|CS|TAMS 0x000000008be00000, 0x000000008be00000| Complete 
| 123|0x000000008bf00000, 0x000000008c000000, 0x000000008c000000|100%| E|CS|TAMS 0x000000008bf00000, 0x000000008bf00000| Complete 

Card table byte_map: [0x0000019d73d30000,0x0000019d74110000] _byte_map_base: 0x0000019d7390e000

Marking Bits (Prev, Next): (CMBitMap*) 0x0000019d6bd53900, (CMBitMap*) 0x0000019d6bd53940
 Prev Bits: [0x0000019d744f0000, 0x0000019d763e0000)
 Next Bits: [0x0000019d763e0000, 0x0000019d782d0000)

Polling page: 0x0000019d6b4c0000

Metaspace:

Usage:
  Non-class:      6.11 MB used.
      Class:    798.15 KB used.
       Both:      6.89 MB used.

Virtual space:
  Non-class space:       64.00 MB reserved,       6.25 MB ( 10%) committed,  1 nodes.
      Class space:        1.00 GB reserved,     896.00 KB ( <1%) committed,  1 nodes.
             Both:        1.06 GB reserved,       7.12 MB ( <1%) committed. 

Chunk freelists:
   Non-Class:  1.73 MB
       Class:  3.17 MB
        Both:  4.91 MB

MaxMetaspaceSize: unlimited
CompressedClassSpaceSize: 1.00 GB
Initial GC threshold: 21.00 MB
Current GC threshold: 21.00 MB
CDS: on
MetaspaceReclaimPolicy: balanced
 - commit_granule_bytes: 65536.
 - commit_granule_words: 8192.
 - virtual_space_node_default_size: 8388608.
 - enlarge_chunks_in_place: 1.
 - new_chunks_are_fully_committed: 0.
 - uncommit_free_chunks: 1.
 - use_allocation_guard: 0.


Internal statistics:

num_allocs_failed_limit: 0.
num_arena_births: 106.
num_arena_deaths: 0.
num_vsnodes_births: 2.
num_vsnodes_deaths: 0.
num_space_committed: 114.
num_space_uncommitted: 0.
num_chunks_returned_to_freelist: 0.
num_chunks_taken_from_freelist: 284.
num_chunk_merges: 0.
num_chunk_splits: 150.
num_chunks_enlarged: 97.
num_inconsistent_stats: 0.

CodeHeap 'non-profiled nmethods': size=120000Kb used=466Kb max_used=466Kb free=119533Kb
 bounds [0x0000019d07ad0000, 0x0000019d07d40000, 0x0000019d0f000000]
CodeHeap 'profiled nmethods': size=120000Kb used=2704Kb max_used=2704Kb free=117295Kb
 bounds [0x0000019d005a0000, 0x0000019d00850000, 0x0000019d07ad0000]
CodeHeap 'non-nmethods': size=5760Kb used=1249Kb max_used=1268Kb free=4510Kb
 bounds [0x0000019d00000000, 0x0000019d00270000, 0x0000019d005a0000]
 total_blobs=1829 nmethods=1377 adapters=365
 compilation: enabled
              stopped_count=0, restarted_count=0
 full_count=0

Compilation events (20 events):
Event: 1.261 Thread 0x0000019d7acaeff0 1365       3       java.util.stream.StreamOpFlag::isKnown (19 bytes)
Event: 1.261 Thread 0x0000019d7acaeff0 nmethod 1365 0x0000019d0083f090 code [0x0000019d0083f220, 0x0000019d0083f398]
Event: 1.261 Thread 0x0000019d7acae700 1368       4       sun.net.www.ParseUtil::firstEncodeIndex (86 bytes)
Event: 1.262 Thread 0x0000019d7acaeff0 1369       3       org.eclipse.jdt.launching.internal.org.objectweb.asm.ClassReader::readShort (27 bytes)
Event: 1.262 Thread 0x0000019d7acaeff0 nmethod 1369 0x0000019d0083f410 code [0x0000019d0083f5a0, 0x0000019d0083f718]
Event: 1.262 Thread 0x0000019d7acaeff0 1372       3       org.eclipse.jdt.launching.internal.org.objectweb.asm.ClassWriter::visit (160 bytes)
Event: 1.263 Thread 0x0000019d7acaeff0 nmethod 1372 0x0000019d0083f810 code [0x0000019d0083fa40, 0x0000019d008402b8]
Event: 1.263 Thread 0x0000019d7acaeff0 1370       3       org.eclipse.jdt.launching.internal.org.objectweb.asm.ClassVisitor::<init> (7 bytes)
Event: 1.263 Thread 0x0000019d7acaeff0 nmethod 1370 0x0000019d00840790 code [0x0000019d00840940, 0x0000019d00840aa8]
Event: 1.263 Thread 0x0000019d7acaeff0 1371       3       org.eclipse.jdt.launching.internal.org.objectweb.asm.ClassVisitor::visit (50 bytes)
Event: 1.263 Thread 0x0000019d7acaeff0 nmethod 1371 0x0000019d00840b90 code [0x0000019d00840d60, 0x0000019d00841138]
Event: 1.263 Thread 0x0000019d7acaeff0 1373       3       org.eclipse.jdt.launching.internal.org.objectweb.asm.SymbolTable::setMajorVersionAndClassName (19 bytes)
Event: 1.264 Thread 0x0000019d7acaeff0 nmethod 1373 0x0000019d00841290 code [0x0000019d00841440, 0x0000019d00841668]
Event: 1.264 Thread 0x0000019d7acaeff0 1374       3       org.eclipse.jdt.launching.internal.weaving.ClassfileTransformer$1::visitSource (125 bytes)
Event: 1.264 Thread 0x0000019d7acaeff0 nmethod 1374 0x0000019d00841790 code [0x0000019d00841ae0, 0x0000019d00842978]
Event: 1.264 Thread 0x0000019d7acaeff0 1375       3       java.util.ArrayDeque::poll (5 bytes)
Event: 1.265 Thread 0x0000019d7acaeff0 nmethod 1375 0x0000019d00842f90 code [0x0000019d00843140, 0x0000019d00843288]
Event: 1.265 Thread 0x0000019d7acaeff0 1376   !   3       jdk.internal.loader.URLClassPath$JarLoader::checkResource (78 bytes)
Event: 1.265 Thread 0x0000019d7acae700 nmethod 1368 0x0000019d07b44010 code [0x0000019d07b441a0, 0x0000019d07b443d8]
Event: 1.265 Thread 0x0000019d7acaeff0 nmethod 1376 0x0000019d00843310 code [0x0000019d00843560, 0x0000019d00843f28]

GC Heap History (2 events):
Event: 1.045 GC heap before
{Heap before GC invocations=0 (full 0):
 garbage-first heap   total 126976K, used 22528K [0x0000000084400000, 0x0000000100000000)
  region size 1024K, 23 young (23552K), 0 survivors (0K)
 Metaspace       used 5337K, committed 5504K, reserved 1114112K
  class space    used 551K, committed 640K, reserved 1048576K
}
Event: 1.050 GC heap after
{Heap after GC invocations=1 (full 0):
 garbage-first heap   total 126976K, used 2944K [0x0000000084400000, 0x0000000100000000)
  region size 1024K, 3 young (3072K), 3 survivors (3072K)
 Metaspace       used 5337K, committed 5504K, reserved 1114112K
  class space    used 551K, committed 640K, reserved 1048576K
}

Deoptimization events (20 events):
Event: 0.974 Thread 0x0000019d6bcf3af0 DEOPT PACKING pc=0x0000019d006305cc sp=0x00000013ab7fd310
Event: 0.974 Thread 0x0000019d6bcf3af0 DEOPT UNPACKING pc=0x0000019d00056763 sp=0x00000013ab7fc7e0 mode 0
Event: 0.992 Thread 0x0000019d6bcf3af0 Uncommon trap: trap_request=0xffffff45 fr.pc=0x0000019d07b120f0 relative=0x00000000000000f0
Event: 0.992 Thread 0x0000019d6bcf3af0 Uncommon trap: reason=unstable_if action=reinterpret pc=0x0000019d07b120f0 method=org.eclipse.jdt.launching.internal.org.objectweb.asm.ByteVector.putShort(I)Lorg/eclipse/jdt/launching/internal/org/objectweb/asm/ByteVector; @ 13 c2
Event: 0.992 Thread 0x0000019d6bcf3af0 DEOPT PACKING pc=0x0000019d07b120f0 sp=0x00000013ab7fa110
Event: 0.992 Thread 0x0000019d6bcf3af0 DEOPT UNPACKING pc=0x0000019d00055c23 sp=0x00000013ab7fa0a8 mode 2
Event: 1.058 Thread 0x0000019d6bcf3af0 DEOPT PACKING pc=0x0000019d005d5cd6 sp=0x00000013ab7fd3f0
Event: 1.058 Thread 0x0000019d6bcf3af0 DEOPT UNPACKING pc=0x0000019d00056763 sp=0x00000013ab7fc890 mode 0
Event: 1.079 Thread 0x0000019d6bcf3af0 DEOPT PACKING pc=0x0000019d005f24f1 sp=0x00000013ab7fd3a0
Event: 1.079 Thread 0x0000019d6bcf3af0 DEOPT UNPACKING pc=0x0000019d00056763 sp=0x00000013ab7fc8b0 mode 0
Event: 1.160 Thread 0x0000019d6bcf3af0 DEOPT PACKING pc=0x0000019d0065dd3e sp=0x00000013ab7fd610
Event: 1.160 Thread 0x0000019d6bcf3af0 DEOPT UNPACKING pc=0x0000019d00056763 sp=0x00000013ab7fca88 mode 0
Event: 1.190 Thread 0x0000019d6bcf3af0 DEOPT PACKING pc=0x0000019d006f1cc1 sp=0x00000013ab7f8d20
Event: 1.190 Thread 0x0000019d6bcf3af0 DEOPT UNPACKING pc=0x0000019d00056763 sp=0x00000013ab7f8238 mode 0
Event: 1.217 Thread 0x0000019d6bcf3af0 DEOPT PACKING pc=0x0000019d006f1ed3 sp=0x00000013ab7fc060
Event: 1.217 Thread 0x0000019d6bcf3af0 DEOPT UNPACKING pc=0x0000019d00056763 sp=0x00000013ab7fb578 mode 0
Event: 1.261 Thread 0x0000019d6bcf3af0 DEOPT PACKING pc=0x0000019d006731a1 sp=0x00000013ab7fca70
Event: 1.261 Thread 0x0000019d6bcf3af0 DEOPT UNPACKING pc=0x0000019d00056763 sp=0x00000013ab7fbf88 mode 0
Event: 1149.319 Thread 0x0000019d6bcf3af0 DEOPT PACKING pc=0x0000019d0081dca4 sp=0x00000013ab7fd040
Event: 1149.319 Thread 0x0000019d6bcf3af0 DEOPT UNPACKING pc=0x0000019d00056763 sp=0x00000013ab7fc4f8 mode 0

Classes loaded (20 events):
Event: 1.195 Loading class java/util/regex/Pattern$1
Event: 1.196 Loading class java/util/regex/Pattern$1 done
Event: 1.220 Loading class java/util/Collections$ReverseComparator
Event: 1.221 Loading class java/util/Collections$ReverseComparator done
Event: 1.221 Loading class java/util/Collections$ReverseComparator2
Event: 1.221 Loading class java/util/Collections$ReverseComparator2 done
Event: 1.228 Loading class java/util/concurrent/CancellationException
Event: 1.228 Loading class java/util/concurrent/CancellationException done
Event: 1.228 Loading class java/util/concurrent/ExecutionException
Event: 1.228 Loading class java/util/concurrent/ExecutionException done
Event: 1.248 Loading class java/util/stream/SpinedBuffer
Event: 1.248 Loading class java/util/stream/AbstractSpinedBuffer
Event: 1.248 Loading class java/util/stream/AbstractSpinedBuffer done
Event: 1.248 Loading class java/util/stream/SpinedBuffer done
Event: 1.248 Loading class java/util/function/BooleanSupplier
Event: 1.248 Loading class java/util/function/BooleanSupplier done
Event: 1.263 Loading class java/util/ArrayList$ListItr
Event: 1.263 Loading class java/util/ArrayList$ListItr done
Event: 1.264 Loading class java/lang/invoke/WrongMethodTypeException
Event: 1.264 Loading class java/lang/invoke/WrongMethodTypeException done

Classes unloaded (0 events):
No events

Classes redefined (1 events):
Event: 1149.369 Thread 0x0000019d6bd725b0 redefined class name=calculadora.CalculadoraTest, count=1

Internal exceptions (20 events):
Event: 1.036 Thread 0x0000019d6bcf3af0 Exception <a 'java/lang/IncompatibleClassChangeError'{0x000000008a99a040}: Found class java.lang.Object, but interface was expected> (0x000000008a99a040) 
thrown [t:\workspace\open\src\hotspot\share\interpreter\linkResolver.cpp, line 833]
Event: 1.043 Thread 0x0000019d6bcf3af0 Exception <a 'java/lang/IncompatibleClassChangeError'{0x000000008a9e6050}: Found class java.lang.Object, but interface was expected> (0x000000008a9e6050) 
thrown [t:\workspace\open\src\hotspot\share\interpreter\linkResolver.cpp, line 833]
Event: 1.053 Thread 0x0000019d6bcf3af0 Exception <a 'java/lang/NoSuchMethodError'{0x000000008bf0eb70}: 'java.lang.Object java.lang.invoke.DirectMethodHandle$Holder.invokeStatic(java.lang.Object, java.lang.Object, int)'> (0x000000008bf0eb70) 
thrown [t:\workspace\open\src\hotspot\share\interpreter\linkResolver.cpp, line 766]
Event: 1.062 Thread 0x0000019d6bcf3af0 Exception <a 'java/lang/NoSuchMethodError'{0x000000008bfb4ae8}: 'void java.lang.invoke.DirectMethodHandle$Holder.invokeSpecial(java.lang.Object, java.lang.Object, java.lang.Object, java.lang.Object, java.lang.Object)'> (0x000000008bfb4ae8) 
thrown [t:\workspace\open\src\hotspot\share\interpreter\linkResolver.cpp, line 766]
Event: 1.095 Thread 0x0000019d6bcf3af0 Exception <a 'java/lang/NoSuchMethodError'{0x000000008bd9d0e8}: 'java.lang.Object java.lang.invoke.DirectMethodHandle$Holder.invokeStaticInit(java.lang.Object)'> (0x000000008bd9d0e8) 
thrown [t:\workspace\open\src\hotspot\share\interpreter\linkResolver.cpp, line 766]
Event: 1.138 Thread 0x0000019d6bcf3af0 Exception <a 'java/lang/NoSuchMethodError'{0x000000008ba7ce48}: 'long java.lang.invoke.DirectMethodHandle$Holder.invokeSpecial(java.lang.Object, java.lang.Object)'> (0x000000008ba7ce48) 
thrown [t:\workspace\open\src\hotspot\share\interpreter\linkResolver.cpp, line 766]
Event: 1.139 Thread 0x0000019d6bcf3af0 Exception <a 'java/lang/NoSuchMethodError'{0x000000008ba805f8}: 'long java.lang.invoke.Invokers$Holder.invokeExact_MT(java.lang.Object, java.lang.Object)'> (0x000000008ba805f8) 
thrown [t:\workspace\open\src\hotspot\share\interpreter\linkResolver.cpp, line 766]
Event: 1.149 Thread 0x0000019d6bcf3af0 Exception <a 'java/lang/NoSuchMethodError'{0x000000008badc880}: 'java.lang.Object java.lang.invoke.DirectMethodHandle$Holder.newInvokeSpecial(java.lang.Object, java.lang.Object, int)'> (0x000000008badc880) 
thrown [t:\workspace\open\src\hotspot\share\interpreter\linkResolver.cpp, line 766]
Event: 1.161 Thread 0x0000019d6bcf3af0 Exception <a 'java/lang/NoSuchMethodError'{0x000000008b948758}: 'void java.lang.invoke.DirectMethodHandle$Holder.invokeInterface(java.lang.Object, java.lang.Object, java.lang.Object, java.lang.Object)'> (0x000000008b948758) 
thrown [t:\workspace\open\src\hotspot\share\interpreter\linkResolver.cpp, line 766]
Event: 1.162 Thread 0x0000019d6bcf3af0 Exception <a 'java/lang/IncompatibleClassChangeError'{0x000000008b94bea0}: Found class java.lang.Object, but interface was expected> (0x000000008b94bea0) 
thrown [t:\workspace\open\src\hotspot\share\interpreter\linkResolver.cpp, line 833]
Event: 1.167 Thread 0x0000019d6bcf3af0 Exception <a 'java/lang/NoSuchMethodError'{0x000000008b99bc40}: 'void java.lang.invoke.DirectMethodHandle$Holder.invokeStatic(java.lang.Object, java.lang.Object, java.lang.Object, java.lang.Object)'> (0x000000008b99bc40) 
thrown [t:\workspace\open\src\hotspot\share\interpreter\linkResolver.cpp, line 766]
Event: 1.177 Thread 0x0000019d6bcf3af0 Exception <a 'java/lang/NoSuchMethodError'{0x000000008b867e18}: 'int java.lang.invoke.DirectMethodHandle$Holder.invokeStatic(java.lang.Object, java.lang.Object, java.lang.Object, java.lang.Object)'> (0x000000008b867e18) 
thrown [t:\workspace\open\src\hotspot\share\interpreter\linkResolver.cpp, line 766]
Event: 1.178 Thread 0x0000019d6bcf3af0 Exception <a 'java/lang/NoSuchMethodError'{0x000000008b86b798}: 'java.lang.Object java.lang.invoke.Invokers$Holder.invokeExact_MT(java.lang.Object, java.lang.Object, java.lang.Object, java.lang.Object, java.lang.Object, java.lang.Object)'> (0x000000008b86b798) 
thrown [t:\workspace\open\src\hotspot\share\interpreter\linkResolver.cpp, line 766]
Event: 1.179 Thread 0x0000019d6bcf3af0 Exception <a 'java/lang/NoSuchMethodError'{0x000000008b87b910}: 'int java.lang.invoke.DirectMethodHandle$Holder.invokeStatic(java.lang.Object, java.lang.Object, java.lang.Object, java.lang.Object, java.lang.Object)'> (0x000000008b87b910) 
thrown [t:\workspace\open\src\hotspot\share\interpreter\linkResolver.cpp, line 766]
Event: 1.190 Thread 0x0000019d6bcf3af0 Exception <a 'java/lang/NoSuchMethodError'{0x000000008b705fd8}: 'void java.lang.invoke.DirectMethodHandle$Holder.invokeStaticInit(java.lang.Object)'> (0x000000008b705fd8) 
thrown [t:\workspace\open\src\hotspot\share\interpreter\linkResolver.cpp, line 766]
Event: 1.230 Thread 0x0000019d6bcf3af0 Exception <a 'java/lang/NoSuchMethodError'{0x000000008b5a11d8}: 'int java.lang.invoke.DirectMethodHandle$Holder.invokeStaticInit(java.lang.Object, java.lang.Object)'> (0x000000008b5a11d8) 
thrown [t:\workspace\open\src\hotspot\share\interpreter\linkResolver.cpp, line 766]
Event: 1.258 Thread 0x0000019d6bcf3af0 Exception <a 'java/lang/NoSuchMethodError'{0x000000008b4e3b20}: 'java.lang.Object java.lang.invoke.DirectMethodHandle$Holder.newInvokeSpecial(java.lang.Object, java.lang.Object, java.lang.Object, java.lang.Object, java.lang.Object, java.lang.Object, java.lang.Object)'> (0x000000008b4e3b20) 
thrown [t:\workspace\open\src\hotspot\share\interpreter\linkResolver.cpp, line 766]
Event: 1.258 Thread 0x0000019d6bcf3af0 Exception <a 'java/lang/NoSuchMethodError'{0x000000008b4e86e0}: 'java.lang.Object java.lang.invoke.Invokers$Holder.linkToTargetMethod(java.lang.Object, java.lang.Object, java.lang.Object, java.lang.Object, java.lang.Object, java.lang.Object, java.lang.Object)'> (0x000000008b4e86e0) 
thrown [t:\workspace\open\src\hotspot\share\interpreter\linkResolver.cpp, line 766]
Event: 1.260 Thread 0x0000019d6bcf3af0 Exception <a 'java/lang/NoSuchMethodError'{0x000000008b4fdde0}: 'java.lang.Object java.lang.invoke.DirectMethodHandle$Holder.invokeInterface(java.lang.Object, java.lang.Object, java.lang.Object, java.lang.Object, java.lang.Object)'> (0x000000008b4fdde0) 
thrown [t:\workspace\open\src\hotspot\share\interpreter\linkResolver.cpp, line 766]
Event: 1.260 Thread 0x0000019d6bcf3af0 Exception <a 'java/lang/IncompatibleClassChangeError'{0x000000008b3023b0}: Found class java.lang.Object, but interface was expected> (0x000000008b3023b0) 
thrown [t:\workspace\open\src\hotspot\share\interpreter\linkResolver.cpp, line 833]

VM Operations (20 events):
Event: 5.696 Executing VM operation: get/set locals
Event: 5.696 Executing VM operation: get/set locals done
Event: 5.698 Executing VM operation: get/set locals
Event: 5.699 Executing VM operation: get/set locals done
Event: 5.700 Executing VM operation: get/set locals
Event: 5.700 Executing VM operation: get/set locals done
Event: 5.701 Executing VM operation: get/set locals
Event: 5.701 Executing VM operation: get/set locals done
Event: 5.702 Executing VM operation: get/set locals
Event: 5.702 Executing VM operation: get/set locals done
Event: 5.703 Executing VM operation: get/set locals
Event: 5.703 Executing VM operation: get/set locals done
Event: 1149.319 Executing VM operation: ChangeSingleStep
Event: 1149.319 Executing VM operation: ChangeSingleStep done
Event: 1149.319 Executing VM operation: ChangeSingleStep
Event: 1149.319 Executing VM operation: ChangeSingleStep done
Event: 1149.365 Executing VM operation: RedefineClasses
Event: 1149.377 Executing VM operation: RedefineClasses done
Event: 1149.381 Executing VM operation: ChangeSingleStep
Event: 1149.381 Executing VM operation: ChangeSingleStep done

Events (20 events):
Event: 0.126 Thread 0x0000019d7acab260 Thread added: 0x0000019d7acab260
Event: 0.126 Thread 0x0000019d7acadb20 Thread added: 0x0000019d7acadb20
Event: 0.126 Thread 0x0000019d7acae700 Thread added: 0x0000019d7acae700
Event: 0.126 Thread 0x0000019d7acaeff0 Thread added: 0x0000019d7acaeff0
Event: 0.127 Thread 0x0000019d7acb0080 Thread added: 0x0000019d7acb0080
Event: 0.156 Thread 0x0000019d7ac7c480 Thread added: 0x0000019d7ac7c480
Event: 0.257 Thread 0x0000019d7f1ce3a0 Thread added: 0x0000019d7f1ce3a0
Event: 0.258 Thread 0x0000019d7f180d20 Thread added: 0x0000019d7f180d20
Event: 0.258 Thread 0x0000019d7f183370 Thread added: 0x0000019d7f183370
Event: 0.493 Loaded shared library C:\Program Files\Java\jdk-18\bin\zip.dll
Event: 0.508 Loaded shared library C:\Program Files\Java\jdk-18\bin\instrument.dll
Event: 0.513 Loaded shared library C:\Program Files\Java\jdk-18\bin\net.dll
Event: 0.514 Loaded shared library C:\Program Files\Java\jdk-18\bin\nio.dll
Event: 0.517 Loaded shared library C:\Program Files\Java\jdk-18\bin\zip.dll
Event: 0.619 Loaded shared library C:\Program Files\Java\jdk-18\bin\jimage.dll
Event: 0.692 Thread 0x0000019d7f3fd5c0 Thread added: 0x0000019d7f3fd5c0
Event: 0.715 Loaded shared library C:\Program Files\Java\jdk-18\bin\verify.dll
Event: 0.853 Thread 0x0000019d7f8a0d10 Thread added: 0x0000019d7f8a0d10
Event: 0.869 Thread 0x0000019d7f8e7a80 Thread added: 0x0000019d7f8e7a80
Event: 6.264 Thread 0x0000019d7f8e7a80 Thread exited: 0x0000019d7f8e7a80


Dynamic libraries:
0x00007ff725110000 - 0x00007ff725120000 	C:\Program Files\Java\jdk-18\bin\javaw.exe
0x00007ffb02d10000 - 0x00007ffb02f08000 	C:\Windows\SYSTEM32\ntdll.dll
0x00007ffb02870000 - 0x00007ffb0292d000 	C:\Windows\System32\KERNEL32.DLL
0x00007ffb005e0000 - 0x00007ffb008ae000 	C:\Windows\System32\KERNELBASE.dll
0x00007ffb00950000 - 0x00007ffb00a50000 	C:\Windows\System32\ucrtbase.dll
0x00007ffadf500000 - 0x00007ffadf518000 	C:\Program Files\Java\jdk-18\bin\jli.dll
0x00007ffb02500000 - 0x00007ffb025ae000 	C:\Windows\System32\ADVAPI32.dll
0x00007ffb00eb0000 - 0x00007ffb00f4e000 	C:\Windows\System32\msvcrt.dll
0x00007ffab1030000 - 0x00007ffab104a000 	C:\Program Files\Java\jdk-18\bin\VCRUNTIME140.dll
0x00007ffb02380000 - 0x00007ffb0241c000 	C:\Windows\System32\sechost.dll
0x00007ffb020a0000 - 0x00007ffb021c5000 	C:\Windows\System32\RPCRT4.dll
0x00007ffb026d0000 - 0x00007ffb02870000 	C:\Windows\System32\USER32.dll
0x00007ffb00c90000 - 0x00007ffb00cb2000 	C:\Windows\System32\win32u.dll
0x00007ffb02af0000 - 0x00007ffb02b1a000 	C:\Windows\System32\GDI32.dll
0x00007ffaff8f0000 - 0x00007ffaffb8a000 	C:\Windows\WinSxS\amd64_microsoft.windows.common-controls_6595b64144ccf1df_6.0.19041.1110_none_60b5254171f9507e\COMCTL32.dll
0x00007ffb00b80000 - 0x00007ffb00c8b000 	C:\Windows\System32\gdi32full.dll
0x00007ffb00ae0000 - 0x00007ffb00b7d000 	C:\Windows\System32\msvcp_win.dll
0x00007ffaf7e40000 - 0x00007ffaf7e4a000 	C:\Windows\SYSTEM32\VERSION.dll
0x00007ffb02070000 - 0x00007ffb020a0000 	C:\Windows\System32\IMM32.DLL
0x00007ffac4fe0000 - 0x00007ffac4fec000 	C:\Program Files\Java\jdk-18\bin\vcruntime140_1.dll
0x00007ffa9f250000 - 0x00007ffa9f2dd000 	C:\Program Files\Java\jdk-18\bin\msvcp140.dll
0x00007ffa9e3e0000 - 0x00007ffa9eff1000 	C:\Program Files\Java\jdk-18\bin\server\jvm.dll
0x00007ffb021e0000 - 0x00007ffb021e8000 	C:\Windows\System32\PSAPI.DLL
0x00007ffac3510000 - 0x00007ffac3519000 	C:\Windows\SYSTEM32\WSOCK32.dll
0x00007ffb01080000 - 0x00007ffb010eb000 	C:\Windows\System32\WS2_32.dll
0x00007ffae8230000 - 0x00007ffae8257000 	C:\Windows\SYSTEM32\WINMM.dll
0x00007ffafdfc0000 - 0x00007ffafdfd2000 	C:\Windows\SYSTEM32\kernel.appcore.dll
0x00007ffac0ed0000 - 0x00007ffac0eda000 	C:\Program Files\Java\jdk-18\bin\jimage.dll
0x00007ffaffec0000 - 0x00007ffb000a4000 	C:\Windows\SYSTEM32\DBGHELP.DLL
0x00007ffaffe10000 - 0x00007ffaffe3c000 	C:\Windows\SYSTEM32\dbgcore.DLL
0x00007ffb00a50000 - 0x00007ffb00ad2000 	C:\Windows\System32\bcryptPrimitives.dll
0x00007ffaeb140000 - 0x00007ffaeb17b000 	C:\Program Files\Java\jdk-18\bin\jdwp.dll
0x00007ffafe640000 - 0x00007ffafe64e000 	C:\Program Files\Java\jdk-18\bin\instrument.dll
0x00007ffa9f220000 - 0x00007ffa9f245000 	C:\Program Files\Java\jdk-18\bin\java.dll
0x00007ffa9f140000 - 0x00007ffa9f216000 	C:\Program Files\Java\jdk-18\bin\jsvml.dll
0x00007ffb018c0000 - 0x00007ffb02003000 	C:\Windows\System32\SHELL32.dll
0x00007ffafd740000 - 0x00007ffafded5000 	C:\Windows\SYSTEM32\windows.storage.dll
0x00007ffb01560000 - 0x00007ffb018b4000 	C:\Windows\System32\combase.dll
0x00007ffaff720000 - 0x00007ffaff750000 	C:\Windows\SYSTEM32\Wldp.dll
0x00007ffb02450000 - 0x00007ffb024fd000 	C:\Windows\System32\SHCORE.dll
0x00007ffb02010000 - 0x00007ffb02065000 	C:\Windows\System32\shlwapi.dll
0x00007ffb00370000 - 0x00007ffb0038f000 	C:\Windows\SYSTEM32\profapi.dll
0x00007ffafe620000 - 0x00007ffafe62c000 	C:\Program Files\Java\jdk-18\bin\dt_socket.dll
0x00007ffaff190000 - 0x00007ffaff1cb000 	C:\Windows\SYSTEM32\IPHLPAPI.DLL
0x00007ffaff4a0000 - 0x00007ffaff50a000 	C:\Windows\system32\mswsock.dll
0x00007ffaff1d0000 - 0x00007ffaff29a000 	C:\Windows\SYSTEM32\DNSAPI.dll
0x00007ffb02420000 - 0x00007ffb02428000 	C:\Windows\System32\NSI.dll
0x00007ffaf7b70000 - 0x00007ffaf7b7a000 	C:\Windows\System32\rasadhlp.dll
0x00007ffaf7a90000 - 0x00007ffaf7b10000 	C:\Windows\System32\fwpuclnt.dll
0x00007ffb00920000 - 0x00007ffb00947000 	C:\Windows\System32\bcrypt.dll
0x00007ffa9f0e0000 - 0x00007ffa9f0f8000 	C:\Program Files\Java\jdk-18\bin\zip.dll
0x00007ffa9f120000 - 0x00007ffa9f133000 	C:\Program Files\Java\jdk-18\bin\net.dll
0x00007ffaf8610000 - 0x00007ffaf871a000 	C:\Windows\SYSTEM32\WINHTTP.dll
0x00007ffa9f100000 - 0x00007ffa9f116000 	C:\Program Files\Java\jdk-18\bin\nio.dll
0x00007ffab1c70000 - 0x00007ffab1c80000 	C:\Program Files\Java\jdk-18\bin\verify.dll
0x00007ffaf7c30000 - 0x00007ffaf7c47000 	C:\Windows\SYSTEM32\dhcpcsvc6.DLL
0x00007ffaf7c10000 - 0x00007ffaf7c2d000 	C:\Windows\SYSTEM32\dhcpcsvc.DLL

dbghelp: loaded successfully - version: 4.0.5 - missing functions: none
symbol engine: initialized successfully - sym options: 0x614 - pdb path: .;C:\Program Files\Java\jdk-18\bin;C:\Windows\SYSTEM32;C:\Windows\WinSxS\amd64_microsoft.windows.common-controls_6595b64144ccf1df_6.0.19041.1110_none_60b5254171f9507e;C:\Program Files\Java\jdk-18\bin\server

VM Arguments:
jvm_args: -XX:+ShowCodeDetailsInExceptionMessages -agentlib:jdwp=transport=dt_socket,suspend=y,address=localhost:50170 -ea -javaagent:C:\Users\pedro\eclipse\java-2022-09\eclipse\configuration\org.eclipse.osgi\228\0\.cp\lib\javaagent-shaded.jar -Dfile.encoding=UTF-8 
java_command: org.eclipse.jdt.internal.junit.runner.RemoteTestRunner -version 3 -port 50169 -testLoaderClass org.eclipse.jdt.internal.junit5.runner.JUnit5TestLoader -loaderpluginname org.eclipse.jdt.junit5.runtime -classNames calculadora.CalculadoraTest
java_class_path (initial): C:\Users\pedro\eclipse-workspace\AulaTeste01\bin;C:\Users\pedro\.p2\pool\plugins\junit-jupiter-api_5.9.0.jar;C:\Users\pedro\.p2\pool\plugins\junit-jupiter-engine_5.9.0.jar;C:\Users\pedro\.p2\pool\plugins\junit-jupiter-migrationsupport_5.9.0.jar;C:\Users\pedro\.p2\pool\plugins\junit-jupiter-params_5.9.0.jar;C:\Users\pedro\.p2\pool\plugins\junit-platform-commons_1.9.0.jar;C:\Users\pedro\.p2\pool\plugins\junit-platform-engine_1.9.0.jar;C:\Users\pedro\.p2\pool\plugins\junit-platform-launcher_1.9.0.jar;C:\Users\pedro\.p2\pool\plugins\junit-platform-runner_1.9.0.jar;C:\Users\pedro\.p2\pool\plugins\junit-platform-suite-api_1.9.0.jar;C:\Users\pedro\.p2\pool\plugins\junit-platform-suite-engine_1.9.0.jar;C:\Users\pedro\.p2\pool\plugins\junit-platform-suite-commons_1.9.0.jar;C:\Users\pedro\.p2\pool\plugins\junit-vintage-engine_5.9.0.jar;C:\Users\pedro\.p2\pool\plugins\org.opentest4j_1.2.0.jar;C:\Users\pedro\.p2\pool\plugins\org.apiguardian.api_1.1.2.jar;C:\Users\pedro\.p2\pool\plugins\org.junit_4.13.2.v20211018-1956.jar;C:\Users\pedro\.p2\pool\plugins\org.hamcrest.core_1.3.0.v20180420-1519.jar;C:\Users\pedro\eclipse\java-2022-09\eclipse\configuration\org.eclipse.osgi\227\0\.cp;C:\Users\pedro\eclipse\java-2022-09\eclipse\configuration\org.eclipse.osgi\225\0\.cp
Launcher Type: SUN_STANDARD

[Global flags]
     intx CICompilerCount                          = 4                                         {product} {ergonomic}
     uint ConcGCThreads                            = 2                                         {product} {ergonomic}
     uint G1ConcRefinementThreads                  = 8                                         {product} {ergonomic}
   size_t G1HeapRegionSize                         = 1048576                                   {product} {ergonomic}
    uintx GCDrainStackTargetSize                   = 64                                        {product} {ergonomic}
   size_t InitialHeapSize                          = 130023424                                 {product} {ergonomic}
   size_t MarkStackSize                            = 4194304                                   {product} {ergonomic}
   size_t MaxHeapSize                              = 2076180480                                {product} {ergonomic}
   size_t MaxNewSize                               = 1245708288                                {product} {ergonomic}
   size_t MinHeapDeltaBytes                        = 1048576                                   {product} {ergonomic}
   size_t MinHeapSize                              = 8388608                                   {product} {ergonomic}
    uintx NonNMethodCodeHeapSize                   = 5839372                                {pd product} {ergonomic}
    uintx NonProfiledCodeHeapSize                  = 122909434                              {pd product} {ergonomic}
    uintx ProfiledCodeHeapSize                     = 122909434                              {pd product} {ergonomic}
    uintx ReservedCodeCacheSize                    = 251658240                              {pd product} {ergonomic}
     bool SegmentedCodeCache                       = true                                      {product} {ergonomic}
     bool ShowCodeDetailsInExceptionMessages       = true                                   {manageable} {command line}
   size_t SoftMaxHeapSize                          = 2076180480                             {manageable} {ergonomic}
     bool UseCompressedClassPointers               = true                           {product lp64_product} {ergonomic}
     bool UseCompressedOops                        = true                           {product lp64_product} {ergonomic}
     bool UseG1GC                                  = true                                      {product} {ergonomic}
     bool UseLargePagesIndividualAllocation        = false                                  {pd product} {ergonomic}

Logging:
Log output configuration:
 #0: stdout all=warning uptime,level,tags foldmultilines=false
 #1: stderr all=off uptime,level,tags foldmultilines=false

Environment Variables:
PATH=C:\Program Files\Common Files\Oracle\Java\javapath;C:\Windows\system32;C:\Windows;C:\Windows\System32\Wbem;C:\Windows\System32\WindowsPowerShell\v1.0\;C:\Windows\System32\OpenSSH\;C:\MinGW\bin;C:\Users\pedro\AppData\Local\Microsoft\WindowsApps;C:\Users\pedro\AppData\Local\Programs\Microsoft VS Code\bin;C:\texlive\2021\bin\win32;C:\Users\pedro\AppData\Local\GitHubDesktop\bin
USERNAME=Pedro
OS=Windows_NT
PROCESSOR_IDENTIFIER=Intel64 Family 6 Model 140 Stepping 1, GenuineIntel



---------------  S Y S T E M  ---------------

OS:
 Windows 10 , 64 bit Build 19041 (10.0.19041.1889)
OS uptime: 0 days 3:02 hours

CPU: total 8 (initial active 8) (4 cores per cpu, 2 threads per core) family 6 model 140 stepping 1 microcode 0x8a, cx8, cmov, fxsr, ht, mmx, 3dnowpref, sse, sse2, sse3, ssse3, sse4.1, sse4.2, popcnt, lzcnt, tsc, tscinvbit, avx, avx2, aes, erms, clmul, bmi1, bmi2, adx, avx512f, avx512dq, avx512cd, avx512bw, avx512vl, sha, fma, vzeroupper, avx512_vpopcntdq, avx512_vpclmulqdq, avx512_vaes, avx512_vnni, clflush, clflushopt, clwb, avx512_vbmi2, avx512_vbmi

Memory: 4k page, system-wide physical 7915M (3020M free)
TotalPageFile size 13291M (AvailPageFile size 7392M)
current process WorkingSet (physical memory assigned to process): 73M, peak: 82M
current process commit charge ("private bytes"): 216M, peak: 225M

vm_info: Java HotSpot(TM) 64-Bit Server VM (18+36-2087) for windows-amd64 JRE (18+36-2087), built on Feb 15 2022 09:43:11 by "mach5one" with MS VC++ 16.8 / 16.9 (VS2019)

END.
